0 info it worked if it ends with ok
1 verbose cli [ '/usr/bin/node',
1 verbose cli   '/usr/bin/npm',
1 verbose cli   'unpublish',
1 verbose cli   'vascommkit@1.1.5' ]
2 info using npm@3.10.10
3 info using node@v6.11.3
4 silly unpublish args[0] vascommkit@1.1.5
5 silly unpublish thing Result {
5 silly unpublish   raw: 'vascommkit@1.1.5',
5 silly unpublish   scope: null,
5 silly unpublish   escapedName: 'vascommkit',
5 silly unpublish   name: 'vascommkit',
5 silly unpublish   rawSpec: '1.1.5',
5 silly unpublish   spec: '1.1.5',
5 silly unpublish   type: 'version' }
6 verbose getPublishConfig null
7 silly ls normalized vascommkit/1.1.5
8 silly gentlyRm /home/dali/.npm/vascommkit/1.1.5 is being purged
9 verbose gentlyRm don't care about contents; nuking /home/dali/.npm/vascommkit/1.1.5
10 silly vacuum-fs purging /home/dali/.npm/vascommkit/1.1.5
11 silly vacuum-fs quitting because other entries in /home/dali/.npm/vascommkit
12 silly mapToRegistry name vascommkit
13 silly mapToRegistry using default registry
14 silly mapToRegistry registry https://registry.npmjs.org/
15 silly mapToRegistry data Result {
15 silly mapToRegistry   raw: 'vascommkit',
15 silly mapToRegistry   scope: null,
15 silly mapToRegistry   escapedName: 'vascommkit',
15 silly mapToRegistry   name: 'vascommkit',
15 silly mapToRegistry   rawSpec: '',
15 silly mapToRegistry   spec: 'latest',
15 silly mapToRegistry   type: 'tag' }
16 silly mapToRegistry uri https://registry.npmjs.org/vascommkit
17 verbose get GET as part of write; not caching result
18 verbose request uri https://registry.npmjs.org/vascommkit?write=true
19 verbose request no auth needed
20 info attempt registry request try #1 at 3:25:57 PM
21 verbose request using bearer token for auth
22 verbose request id 65b78e9cceb823f4
23 http request GET https://registry.npmjs.org/vascommkit?write=true
24 http 200 https://registry.npmjs.org/vascommkit?write=true
25 verbose headers { 'x-couchdb-body-time': '0',
25 verbose headers   'x-couch-request-id': 'undefined',
25 verbose headers   server: 'CouchDB/2.1.1 (Erlang OTP/R16B03)',
25 verbose headers   'content-type': 'application/json',
25 verbose headers   etag: '"5a8fcca2-d6fb"',
25 verbose headers   'content-encoding': 'gzip',
25 verbose headers   'cache-control': 'max-age=0',
25 verbose headers   'transfer-encoding': 'chunked',
25 verbose headers   'accept-ranges': 'bytes',
25 verbose headers   date: 'Fri, 23 Feb 2018 08:25:58 GMT',
25 verbose headers   via: '1.1 varnish',
25 verbose headers   connection: 'keep-alive',
25 verbose headers   'x-served-by': 'cache-sin18033-SIN',
25 verbose headers   'x-cache': 'MISS',
25 verbose headers   'x-cache-hits': '0',
25 verbose headers   'x-timer': 'S1519374359.666486,VS0,VE227',
25 verbose headers   vary: 'Accept-Encoding' }
26 silly get cb [ 200,
26 silly get   { 'x-couchdb-body-time': '0',
26 silly get     'x-couch-request-id': 'undefined',
26 silly get     server: 'CouchDB/2.1.1 (Erlang OTP/R16B03)',
26 silly get     'content-type': 'application/json',
26 silly get     etag: '"5a8fcca2-d6fb"',
26 silly get     'content-encoding': 'gzip',
26 silly get     'cache-control': 'max-age=0',
26 silly get     'transfer-encoding': 'chunked',
26 silly get     'accept-ranges': 'bytes',
26 silly get     date: 'Fri, 23 Feb 2018 08:25:58 GMT',
26 silly get     via: '1.1 varnish',
26 silly get     connection: 'keep-alive',
26 silly get     'x-served-by': 'cache-sin18033-SIN',
26 silly get     'x-cache': 'MISS',
26 silly get     'x-cache-hits': '0',
26 silly get     'x-timer': 'S1519374359.666486,VS0,VE227',
26 silly get     vary: 'Accept-Encoding' } ]
27 verbose get saving vascommkit to /home/dali/.npm/registry.npmjs.org/vascommkit_3Fwrite_3Dtrue/.cache.json
28 verbose correctMkdir /home/dali/.npm correctMkdir not in flight; initializing
29 verbose unpublish removing attachments { shasum: '6bd2dcc3cad5f3d256a439768d68011941e7e83c',
29 verbose unpublish   tarball: 'http://registry.npmjs.org/vascommkit/-/vascommkit-1.1.5.tgz',
29 verbose unpublish   fileCount: 18,
29 verbose unpublish   unpackedSize: 52627 }
30 verbose request uri https://registry.npmjs.org/vascommkit/-rev/21-1f9ef1670b6b8f8929ce08e861c1039a
31 verbose request sending authorization for write operation
32 info attempt registry request try #1 at 3:25:58 PM
33 verbose request using bearer token for auth
34 http request PUT https://registry.npmjs.org/vascommkit/-rev/21-1f9ef1670b6b8f8929ce08e861c1039a
35 http 400 https://registry.npmjs.org/vascommkit/-rev/21-1f9ef1670b6b8f8929ce08e861c1039a
36 verbose headers { 'content-type': 'application/json',
36 verbose headers   'cache-control': 'max-age=300',
36 verbose headers   'content-length': '166',
36 verbose headers   'accept-ranges': 'bytes',
36 verbose headers   date: 'Fri, 23 Feb 2018 08:26:00 GMT',
36 verbose headers   via: '1.1 varnish',
36 verbose headers   connection: 'keep-alive',
36 verbose headers   'x-served-by': 'cache-sin18033-SIN',
36 verbose headers   'x-cache': 'MISS',
36 verbose headers   'x-cache-hits': '0',
36 verbose headers   'x-timer': 'S1519374359.351489,VS0,VE1255',
36 verbose headers   vary: 'Accept-Encoding, Accept' }
37 verbose request invalidating /home/dali/.npm/registry.npmjs.org/vascommkit on PUT
38 error unpublish Failed to update data
39 verbose stack Error: You can no longer unpublish this version. Please deprecate it instead
39 verbose stack npm deprecate vascommkit@1.1.5 "this version has been deprecated" : vascommkit
39 verbose stack     at makeError (/usr/lib/node_modules/npm/node_modules/npm-registry-client/lib/request.js:302:12)
39 verbose stack     at CachingRegistryClient.<anonymous> (/usr/lib/node_modules/npm/node_modules/npm-registry-client/lib/request.js:290:14)
39 verbose stack     at Request._callback (/usr/lib/node_modules/npm/node_modules/npm-registry-client/lib/request.js:210:14)
39 verbose stack     at Request.self.callback (/usr/lib/node_modules/npm/node_modules/request/request.js:187:22)
39 verbose stack     at emitTwo (events.js:106:13)
39 verbose stack     at Request.emit (events.js:191:7)
39 verbose stack     at Request.<anonymous> (/usr/lib/node_modules/npm/node_modules/request/request.js:1048:10)
39 verbose stack     at emitOne (events.js:96:13)
39 verbose stack     at Request.emit (events.js:188:7)
39 verbose stack     at IncomingMessage.<anonymous> (/usr/lib/node_modules/npm/node_modules/request/request.js:969:12)
40 verbose statusCode 400
41 verbose pkgid vascommkit
42 verbose cwd /media/dali/ae1a9aa5-664c-41f7-8f95-0ab037e6ef64/dali/htdocs/toolkits/vascommkit
43 error Linux 4.13.0-32-generic
44 error argv "/usr/bin/node" "/usr/bin/npm" "unpublish" "vascommkit@1.1.5"
45 error node v6.11.3
46 error npm  v3.10.10
47 error code E400
48 error You can no longer unpublish this version. Please deprecate it instead
48 error npm deprecate vascommkit@1.1.5 "this version has been deprecated" : vascommkit
49 error If you need help, you may report this error at:
49 error     <https://github.com/npm/npm/issues>
50 verbose exit [ 1, true ]
